<?xml version="1.0" encoding="UTF-8"?>
<testsuite name="com.thoughtworks.rectangle.RectangleTest" tests="2" skipped="0" failures="0" errors="0" timestamp="2022-09-06T13:19:00" hostname="gurushifu-gurushifugitp-mh0no2fvs9v" time="0.019">
  <properties/>
  <testcase name="shouldReturnAreaWhenBothLengthAndBreadthAreGreaterThanZero()" classname="com.thoughtworks.rectangle.RectangleTest" time="0.016"/>
  <testcase name="shouldReturnPerimeterWhenBothLengthAndBreadthAreGreaterThanZero()" classname="com.thoughtworks.rectangle.RectangleTest" time="0.001"/>
  <system-out><![CDATA[]]></system-out>
  <system-err><![CDATA[]]></system-err>
</testsuite>
